<?xml version="1.0" encoding="UTF-8"?>
<!-- Generated by org.testng.reporters.JUnitReportReporter -->
<testsuite hostname="DESKTOP-F6OAQES" failures="0" tests="3" name="poly.edu.vn.lab6.TestNGBai4" time="0.008" errors="0" timestamp="2024-03-28T23:34:23 ICT" skipped="0">
  <testcase classname="poly.edu.vn.lab6.TestNGBai4" name="registerAccount" time="0.007"/>
  <system-out/>
  <testcase classname="poly.edu.vn.lab6.TestNGBai4" name="login" time="0.000"/>
  <system-out/>
  <testcase classname="poly.edu.vn.lab6.TestNGBai4" name="sendmail" time="0.001"/>
  <system-out/>
</testsuite> <!-- poly.edu.vn.lab6.TestNGBai4 -->
