<?xml version="1.0" encoding="UTF-8"?>
<!-- Generated by org.testng.reporters.JUnitReportReporter -->
<testsuite hostname="DESKTOP-F6OAQES" failures="0" tests="2" name="poly.edu.vn.lab6.ParamtersTeting" time="0.014" errors="0" timestamp="2024-04-03T11:07:47 ICT" skipped="0">
  <testcase classname="poly.edu.vn.lab6.ParamtersTeting" name="OpenBrowser" time="0.011"/>
  <system-out/>
  <testcase classname="poly.edu.vn.lab6.ParamtersTeting" name="login" time="0.003"/>
  <system-out/>
</testsuite> <!-- poly.edu.vn.lab6.ParamtersTeting -->
