<?xml version="1.0" encoding="UTF-8"?>
<!-- Generated by org.testng.reporters.JUnitReportReporter -->
<testsuite hostname="DESKTOP-F6OAQES" failures="0" tests="1" name="poly.edu.vn.lab6.FirstTestNGFile" time="0.045" errors="0" timestamp="2024-04-03T11:07:28 ICT" skipped="0">
  <testcase classname="poly.edu.vn.lab6.FirstTestNGFile" name="verifyHomepageTitle" time="0.045"/>
  <system-out/>
</testsuite> <!-- poly.edu.vn.lab6.FirstTestNGFile -->
