<?xml version="1.0" encoding="UTF-8"?>
<!-- Generated by org.testng.reporters.JUnitReportReporter -->
<testsuite hostname="DESKTOP-F6OAQES" failures="0" tests="2" name="poly.edu.vn.lab6.NewTest" time="0.012" errors="0" timestamp="2024-04-03T11:07:38 ICT" skipped="0">
  <testcase classname="poly.edu.vn.lab6.NewTest" name="lever2" time="0.002"/>
  <system-out/>
  <testcase classname="poly.edu.vn.lab6.NewTest" name="lever1" time="0.010"/>
  <system-out/>
</testsuite> <!-- poly.edu.vn.lab6.NewTest -->
