<?xml version="1.0" encoding="UTF-8"?>
<!-- Generated by org.testng.reporters.JUnitReportReporter -->
<testsuite hostname="DESKTOP-F6OAQES" failures="0" tests="3" name="fpoly.edu.vn.lab5.TestGroup" time="0.012" errors="0" timestamp="2024-03-29T09:52:09 ICT" skipped="0">
  <testcase classname="fpoly.edu.vn.lab5.TestGroup" name="TestCase1" time="0.011"/>
  <system-out/>
  <testcase classname="fpoly.edu.vn.lab5.TestGroup" name="TestCase4" time="0.000"/>
  <system-out/>
  <testcase classname="fpoly.edu.vn.lab5.TestGroup" name="TestCase2" time="0.001"/>
  <system-out/>
</testsuite> <!-- fpoly.edu.vn.lab5.TestGroup -->
