<?xml version="1.0" encoding="UTF-8"?>
<!-- Generated by org.testng.reporters.JUnitReportReporter -->
<testsuite hostname="DESKTOP-F6OAQES" failures="0" tests="1" name="fpoly.edu.vn.lab5.lmsTest" time="7.208" errors="0" timestamp="2024-03-29T09:51:51 ICT" skipped="0">
  <testcase classname="fpoly.edu.vn.lab5.lmsTest" name="testLMS" time="7.208"/>
  <system-out/>
</testsuite> <!-- fpoly.edu.vn.lab5.lmsTest -->
