<?xml version="1.0" encoding="UTF-8"?>
<!-- Generated by org.testng.reporters.JUnitReportReporter -->
<testsuite hostname="DESKTOP-F6OAQES" failures="0" tests="1" name="fpoly.edu.vn.Lab4.firstTestNG" time="0.007" errors="0" timestamp="2024-03-20T10:23:24 ICT" skipped="0">
  <testcase classname="fpoly.edu.vn.Lab4.firstTestNG" name="testCase1" time="0.007"/>
</testsuite> <!-- fpoly.edu.vn.Lab4.firstTestNG -->
