<?xml version="1.0" encoding="UTF-8"?>
<!-- Generated by org.testng.reporters.JUnitReportReporter -->
<testsuite hostname="DESKTOP-F6OAQES" failures="0" tests="3" name="poly.edu.Lab8.SaveTestNGResultToExcel" time="9.382" errors="0" timestamp="2024-04-08T10:18:39 ICT" skipped="0">
  <testcase classname="poly.edu.Lab8.SaveTestNGResultToExcel" name="LaunchWebsite" time="3.668"/>
  <system-out/>
  <testcase classname="poly.edu.Lab8.SaveTestNGResultToExcel" name="FillLoginDetails" time="1.209"/>
  <system-out/>
  <testcase classname="poly.edu.Lab8.SaveTestNGResultToExcel" name="DoLogin" time="4.505"/>
  <system-out/>
</testsuite> <!-- poly.edu.Lab8.SaveTestNGResultToExcel -->
