<?xml version="1.0" encoding="UTF-8"?>
<!-- Generated by org.testng.reporters.JUnitReportReporter -->
<testsuite hostname="DESKTOP-F6OAQES" failures="0" tests="2" name="fpoly.edu.vn.lab5.TestCase1" time="0.008" errors="0" timestamp="2024-03-24T18:14:19 ICT" skipped="0">
  <testcase classname="fpoly.edu.vn.lab5.TestCase1" name="firstTestCase" time="0.007"/>
  <testcase classname="fpoly.edu.vn.lab5.TestCase1" name="secondTestCase" time="0.001"/>
</testsuite> <!-- fpoly.edu.vn.lab5.TestCase1 -->
