<?xml version="1.0" encoding="UTF-8"?>
<!-- Generated by org.testng.reporters.JUnitReportReporter -->
<testsuite hostname="DESKTOP-F6OAQES" failures="0" tests="3" name="fpoly.edu.vn.lab5.TestGroup" time="0.019" errors="0" timestamp="2024-03-25T19:11:40 ICT" skipped="0">
  <testcase classname="fpoly.edu.vn.lab5.TestGroup" name="TestCase1" time="0.015"/>
  <testcase classname="fpoly.edu.vn.lab5.TestGroup" name="TestCase4" time="0.002"/>
  <testcase classname="fpoly.edu.vn.lab5.TestGroup" name="TestCase2" time="0.002"/>
</testsuite> <!-- fpoly.edu.vn.lab5.TestGroup -->
