<?xml version="1.0" encoding="UTF-8"?>
<!-- Generated by org.testng.reporters.JUnitReportReporter -->
<testsuite hostname="DESKTOP-F6OAQES" failures="0" tests="12" name="poly.edu.vn.Lab7.testclass1" time="0.022" errors="0" timestamp="2024-04-05T19:19:26 ICT" skipped="0">
  <testcase classname="poly.edu.vn.Lab7.testclass1" name="t5" time="0.000"/>
  <testcase classname="poly.edu.vn.Lab7.testclass1" name="t5" time="0.001"/>
  <testcase classname="poly.edu.vn.Lab7.testclass1" name="t5" time="0.003"/>
  <testcase classname="poly.edu.vn.Lab7.testclass1" name="t3" time="0.000"/>
  <testcase classname="poly.edu.vn.Lab7.testclass1" name="t4" time="0.001"/>
  <testcase classname="poly.edu.vn.Lab7.testclass1" name="t2" time="0.001"/>
  <testcase classname="poly.edu.vn.Lab7.testclass1" name="t1" time="0.010"/>
  <testcase classname="poly.edu.vn.Lab7.testclass1" name="t3" time="0.002"/>
  <testcase classname="poly.edu.vn.Lab7.testclass1" name="t5" time="0.001"/>
  <testcase classname="poly.edu.vn.Lab7.testclass1" name="t2" time="0.002"/>
  <testcase classname="poly.edu.vn.Lab7.testclass1" name="t4" time="0.001"/>
  <testcase classname="poly.edu.vn.Lab7.testclass1" name="t1" time="0.000"/>
  <system-out>
    <![CDATA[Method name is e2]]>
  </system-out>
</testsuite> <!-- poly.edu.vn.Lab7.testclass1 -->
