<?xml version="1.0" encoding="UTF-8"?>
<!-- Generated by org.testng.reporters.JUnitReportReporter -->
<testsuite hostname="DESKTOP-F6OAQES" failures="0" tests="2" name="poly.edu.vn.Lab7.testclass4" time="0.002" errors="0" timestamp="2024-04-05T19:19:26 ICT" skipped="0">
  <testcase classname="poly.edu.vn.Lab7.testclass4" name="e2" time="0.001">
    <system-out>
      <![CDATA[Method name is e2]]>
    </system-out>
  </testcase> <!-- e2 -->
  <testcase classname="poly.edu.vn.Lab7.testclass4" name="e1" time="0.001"/>
  <system-out>
    <![CDATA[Method name is e2]]>
  </system-out>
</testsuite> <!-- poly.edu.vn.Lab7.testclass4 -->
