<?xml version="1.0" encoding="UTF-8"?>
<!-- Generated by org.testng.reporters.JUnitReportReporter -->
<testsuite hostname="DESKTOP-F6OAQES" failures="0" tests="4" name="poly.edu.vn.Lab7.testclass2" time="0.004" errors="0" timestamp="2024-04-05T19:19:26 ICT" skipped="0">
  <testcase classname="poly.edu.vn.Lab7.testclass2" name="c1" time="0.001"/>
  <testcase classname="poly.edu.vn.Lab7.testclass2" name="c2" time="0.001"/>
  <testcase classname="poly.edu.vn.Lab7.testclass2" name="c3" time="0.001"/>
  <testcase classname="poly.edu.vn.Lab7.testclass2" name="c4" time="0.001"/>
  <system-out>
    <![CDATA[Method name is e2]]>
  </system-out>
</testsuite> <!-- poly.edu.vn.Lab7.testclass2 -->
