<?xml version="1.0" encoding="UTF-8"?>
<!-- Generated by org.testng.reporters.JUnitReportReporter -->
<testsuite hostname="DESKTOP-F6OAQES" failures="0" tests="3" name="poly.edu.vn.Lab7.testclass" time="0.002" errors="0" timestamp="2024-04-05T19:19:26 ICT" skipped="1">
  <testcase classname="poly.edu.vn.Lab7.testclass" name="a1" time="0.001"/>
  <testcase classname="poly.edu.vn.Lab7.testclass" name="a2" time="0.001"/>
  <testcase classname="poly.edu.vn.Lab7.testclass" name="a3">
    <skipped/>
  </testcase> <!-- a3 -->
  <system-out>
    <![CDATA[Method name is e2]]>
  </system-out>
</testsuite> <!-- poly.edu.vn.Lab7.testclass -->
