<?xml version="1.0" encoding="UTF-8"?>
<!-- Generated by org.testng.reporters.JUnitReportReporter -->
<testsuite hostname="DESKTOP-F6OAQES" failures="0" tests="1" name="poly.edu.Y5asg.FacebookLoginTest" time="2.415" errors="0" timestamp="2024-04-05T19:57:24 ICT" skipped="0">
  <testcase classname="poly.edu.Y5asg.FacebookLoginTest" name="testFacebookLogin" time="2.415"/>
  <system-out/>
</testsuite> <!-- poly.edu.Y5asg.FacebookLoginTest -->
